npm info it worked if it ends with ok
npm verb cli [
npm verb cli   'C:\\Program Files\\nodejs\\node.exe',
npm verb cli   'C:\\Program Files\\nodejs\\node_modules\\npm\\bin\\npm-cli.js',
npm verb cli   'install',
npm verb cli   '--loglevel',
npm verb cli   'verbose'
npm verb cli ]
npm info using npm@6.14.13
npm info using node@v14.17.3
npm verb npm-session 32016ae17841c0cb
npm info lifecycle @~preinstall: @
npm timing stage:loadCurrentTree Completed in 14ms
npm timing stage:loadIdealTree:cloneCurrentTree Completed in 0ms
npm timing stage:loadIdealTree:loadShrinkwrap Completed in 2ms
npm http fetch GET 200 https://registry.npmjs.org/cypress 19ms (from cache)
npm http fetch GET 304 https://registry.npmjs.org/buffer 241ms (from cache)
npm http fetch GET 304 https://registry.npmjs.org/bluebird 260ms (from cache)
npm http fetch GET 304 https://registry.npmjs.org/cachedir 270ms (from cache)
npm http fetch GET 304 https://registry.npmjs.org/@types%2fnode 305ms (from cache)
npm http fetch GET 304 https://registry.npmjs.org/@types%2fsizzle 324ms (from cache)
npm http fetch GET 304 https://registry.npmjs.org/arch 340ms (from cache)
npm http fetch GET 304 https://registry.npmjs.org/chalk 105ms (from cache)
npm http fetch GET 304 https://registry.npmjs.org/check-more-types 90ms (from cache)
npm http fetch GET 304 https://registry.npmjs.org/cli-cursor 88ms (from cache)
npm http fetch GET 304 https://registry.npmjs.org/@cypress%2frequest 466ms (from cache)
npm http fetch GET 304 https://registry.npmjs.org/@cypress%2fxvfb 588ms (from cache)
npm http fetch GET 200 https://registry.npmjs.org/commander 235ms
npm http fetch GET 304 https://registry.npmjs.org/debug 210ms (from cache)
npm http fetch GET 200 https://registry.npmjs.org/@types/node/-/node-14.18.34.tgz 286ms
npm http fetch GET 200 https://registry.npmjs.org/dayjs 235ms
npm http fetch GET 304 https://registry.npmjs.org/common-tags 257ms (from cache)
npm http fetch GET 304 https://registry.npmjs.org/enquirer 182ms (from cache)
npm http fetch GET 200 https://registry.npmjs.org/execa 72ms
npm http fetch GET 304 https://registry.npmjs.org/eventemitter2 89ms (from cache)
npm http fetch GET 304 https://registry.npmjs.org/figures 72ms (from cache)
npm http fetch GET 304 https://registry.npmjs.org/fs-extra 71ms (from cache)
npm http fetch GET 304 https://registry.npmjs.org/getos 89ms (from cache)
npm http fetch GET 304 https://registry.npmjs.org/extract-zip 139ms (from cache)
npm http fetch GET 304 https://registry.npmjs.org/is-installed-globally 75ms (from cache)
npm http fetch GET 304 https://registry.npmjs.org/is-ci 101ms (from cache)
npm http fetch GET 304 https://registry.npmjs.org/lazy-ass 136ms (from cache)
npm http fetch GET 200 https://registry.npmjs.org/dayjs/-/dayjs-1.11.7.tgz 270ms
npm http fetch GET 304 https://registry.npmjs.org/minimist 105ms (from cache)
npm http fetch GET 304 https://registry.npmjs.org/lodash 123ms (from cache)
npm http fetch GET 200 https://registry.npmjs.org/listr2 138ms
npm http fetch GET 304 https://registry.npmjs.org/ospath 60ms (from cache)
npm http fetch GET 304 https://registry.npmjs.org/proxy-from-env 90ms (from cache)
npm http fetch GET 304 https://registry.npmjs.org/semver 74ms (from cache)
npm http fetch GET 304 https://registry.npmjs.org/request-progress 102ms (from cache)
npm http fetch GET 304 https://registry.npmjs.org/pretty-bytes 122ms (from cache)
npm http fetch GET 304 https://registry.npmjs.org/supports-color 95ms (from cache)
npm http fetch GET 304 https://registry.npmjs.org/tmp 58ms (from cache)
npm http fetch GET 304 https://registry.npmjs.org/untildify 68ms (from cache)
npm http fetch GET 304 https://registry.npmjs.org/ieee754 56ms (from cache)
npm http fetch GET 304 https://registry.npmjs.org/ansi-styles 58ms (from cache)
npm http fetch GET 304 https://registry.npmjs.org/restore-cursor 69ms (from cache)
npm http fetch GET 304 https://registry.npmjs.org/base64-js 114ms (from cache)
npm http fetch GET 304 https://registry.npmjs.org/yauzl 140ms (from cache)
npm http fetch GET 304 https://registry.npmjs.org/aws-sign2 74ms (from cache)
npm http fetch GET 304 https://registry.npmjs.org/caseless 52ms (from cache)
npm http fetch GET 304 https://registry.npmjs.org/aws4 86ms (from cache)
npm http fetch GET 304 https://registry.npmjs.org/combined-stream 77ms (from cache)
npm http fetch GET 304 https://registry.npmjs.org/forever-agent 64ms (from cache)
npm http fetch GET 304 https://registry.npmjs.org/extend 89ms (from cache)
npm http fetch GET 304 https://registry.npmjs.org/form-data 60ms (from cache)
npm http fetch GET 304 https://registry.npmjs.org/is-typedarray 46ms (from cache)
npm http fetch GET 304 https://registry.npmjs.org/isstream 54ms (from cache)
npm http fetch GET 304 https://registry.npmjs.org/http-signature 101ms (from cache)
npm http fetch GET 304 https://registry.npmjs.org/json-stringify-safe 66ms (from cache)
npm http fetch GET 304 https://registry.npmjs.org/mime-types 82ms (from cache)
npm http fetch GET 304 https://registry.npmjs.org/performance-now 86ms (from cache)
npm http fetch GET 304 https://registry.npmjs.org/@types%2fsinonjs__fake-timers 1369ms (from cache)
npm http fetch GET 304 https://registry.npmjs.org/qs 78ms (from cache)
npm http fetch GET 304 https://registry.npmjs.org/safe-buffer 79ms (from cache)
npm http fetch GET 304 https://registry.npmjs.org/tunnel-agent 70ms (from cache)
npm http fetch GET 304 https://registry.npmjs.org/blob-util 1420ms (from cache)
npm http fetch GET 304 https://registry.npmjs.org/tough-cookie 113ms (from cache)
npm http fetch GET 304 https://registry.npmjs.org/lodash.once 72ms (from cache)
npm http fetch GET 304 https://registry.npmjs.org/uuid 101ms (from cache)
npm http fetch GET 304 https://registry.npmjs.org/ansi-colors 68ms (from cache)
npm http fetch GET 304 https://registry.npmjs.org/ms 85ms (from cache)
npm http fetch GET 304 https://registry.npmjs.org/cross-spawn 73ms (from cache)
npm http fetch GET 304 https://registry.npmjs.org/get-stream 80ms (from cache)
npm http fetch GET 304 https://registry.npmjs.org/onetime 59ms (from cache)
npm http fetch GET 304 https://registry.npmjs.org/is-stream 99ms (from cache)
npm http fetch GET 304 https://registry.npmjs.org/signal-exit 63ms (from cache)
npm http fetch GET 304 https://registry.npmjs.org/cli-table3 1247ms (from cache)
npm http fetch GET 304 https://registry.npmjs.org/human-signals 146ms (from cache)
npm http fetch GET 304 https://registry.npmjs.org/npm-run-path 134ms (from cache)
npm http fetch GET 304 https://registry.npmjs.org/escape-string-regexp 71ms (from cache)
npm http fetch GET 304 https://registry.npmjs.org/strip-final-newline 122ms (from cache)
npm http fetch GET 304 https://registry.npmjs.org/graceful-fs 85ms (from cache)
npm http fetch GET 304 https://registry.npmjs.org/at-least-node 93ms (from cache)
npm http fetch GET 304 https://registry.npmjs.org/merge-stream 205ms (from cache)
npm http fetch GET 304 https://registry.npmjs.org/global-dirs 54ms (from cache)
npm http fetch GET 304 https://registry.npmjs.org/is-path-inside 66ms (from cache)
npm http fetch GET 304 https://registry.npmjs.org/ci-info 85ms (from cache)
npm http fetch GET 304 https://registry.npmjs.org/async 117ms (from cache)
npm http fetch GET 304 https://registry.npmjs.org/jsonfile 180ms (from cache)
npm http fetch GET 304 https://registry.npmjs.org/@types%2fyauzl 135ms (from cache)
npm http fetch GET 304 https://registry.npmjs.org/colorette 78ms (from cache)
npm http fetch GET 304 https://registry.npmjs.org/log-update 75ms (from cache)
npm http fetch GET 200 https://registry.npmjs.org/ci-info/-/ci-info-3.7.0.tgz 55ms
npm http fetch GET 304 https://registry.npmjs.org/p-map 68ms (from cache)
npm http fetch GET 304 https://registry.npmjs.org/executable 1255ms (from cache)
npm http fetch GET 304 https://registry.npmjs.org/through 90ms (from cache)
npm http fetch GET 304 https://registry.npmjs.org/wrap-ansi 66ms (from cache)
npm http fetch GET 200 https://registry.npmjs.org/rxjs 134ms
npm http fetch GET 304 https://registry.npmjs.org/universalify 322ms (from cache)
npm http fetch GET 304 https://registry.npmjs.org/lru-cache 120ms (from cache)
npm http fetch GET 304 https://registry.npmjs.org/throttleit 111ms (from cache)
npm http fetch GET 304 https://registry.npmjs.org/has-flag 85ms (from cache)
npm http fetch GET 304 https://registry.npmjs.org/rfdc 190ms (from cache)
npm http fetch GET 304 https://registry.npmjs.org/cli-truncate 297ms (from cache)
npm http fetch GET 304 https://registry.npmjs.org/color-convert 97ms (from cache)
npm http fetch GET 304 https://registry.npmjs.org/log-symbols 1197ms (from cache)
npm http fetch GET 304 https://registry.npmjs.org/rimraf 112ms (from cache)
npm http fetch GET 304 https://registry.npmjs.org/fd-slicer 75ms (from cache)
npm http fetch GET 304 https://registry.npmjs.org/asynckit 64ms (from cache)
npm http fetch GET 304 https://registry.npmjs.org/buffer-crc32 70ms (from cache)
npm http fetch GET 304 https://registry.npmjs.org/delayed-stream 68ms (from cache)
npm http fetch GET 304 https://registry.npmjs.org/sshpk 201ms (from cache)
npm http fetch GET 200 https://registry.npmjs.org/rxjs/-/rxjs-7.6.0.tgz 289ms
npm http fetch GET 200 https://registry.npmjs.org/which 184ms
npm http fetch GET 304 https://registry.npmjs.org/psl 227ms (from cache)
npm http fetch GET 304 https://registry.npmjs.org/shebang-command 200ms (from cache)
npm http fetch GET 304 https://registry.npmjs.org/punycode 215ms (from cache)
npm http fetch GET 304 https://registry.npmjs.org/mime-db 245ms (from cache)
npm http fetch GET 304 https://registry.npmjs.org/path-key 208ms (from cache)
npm http fetch GET 304 https://registry.npmjs.org/jsprim 257ms (from cache)
npm http fetch GET 304 https://registry.npmjs.org/assert-plus 262ms (from cache)
npm http fetch GET 304 https://registry.npmjs.org/pump 92ms (from cache)
npm http fetch GET 304 https://registry.npmjs.org/ansi-escapes 69ms (from cache)
npm http fetch GET 304 https://registry.npmjs.org/ini 92ms (from cache)
npm http fetch GET 304 https://registry.npmjs.org/string-width 64ms (from cache)
npm http fetch GET 304 https://registry.npmjs.org/mimic-fn 147ms (from cache)
npm http fetch GET 304 https://registry.npmjs.org/slice-ansi 120ms (from cache)
npm http fetch GET 200 https://registry.npmjs.org/slice-ansi 5ms (from cache)
npm http fetch GET 200 https://registry.npmjs.org/@types/node/-/node-18.11.11.tgz 174ms
npm http fetch GET 304 https://registry.npmjs.org/yallist 96ms (from cache)
npm http fetch GET 304 https://registry.npmjs.org/strip-ansi 119ms (from cache)
npm http fetch GET 304 https://registry.npmjs.org/aggregate-error 191ms (from cache)
npm http fetch GET 304 https://registry.npmjs.org/is-unicode-supported 76ms (from cache)
npm http fetch GET 304 https://registry.npmjs.org/color-name 106ms (from cache)
npm http fetch GET 304 https://registry.npmjs.org/glob 85ms (from cache)
npm http fetch GET 304 https://registry.npmjs.org/string-width 242ms (from cache)
npm http fetch GET 304 https://registry.npmjs.org/pify 227ms (from cache)
npm http fetch GET 304 https://registry.npmjs.org/pend 79ms (from cache)
npm http fetch GET 304 https://registry.npmjs.org/asn1 77ms (from cache)
npm http fetch GET 304 https://registry.npmjs.org/dashdash 88ms (from cache)
npm http fetch GET 304 https://registry.npmjs.org/jsbn 69ms (from cache)
npm http fetch GET 304 https://registry.npmjs.org/getpass 80ms (from cache)
npm http fetch GET 200 https://registry.npmjs.org/assert-plus/-/assert-plus-1.0.0.tgz 8ms (from cache)
npm http fetch GET 304 https://registry.npmjs.org/tweetnacl 113ms (from cache)
npm http fetch GET 304 https://registry.npmjs.org/bcrypt-pbkdf 100ms (from cache)
npm http fetch GET 304 https://registry.npmjs.org/safer-buffer 130ms (from cache)
npm http fetch GET 304 https://registry.npmjs.org/ecc-jsbn 135ms (from cache)
npm http fetch GET 304 https://registry.npmjs.org/tslib 90ms (from cache)
npm http fetch GET 304 https://registry.npmjs.org/shebang-regex 103ms (from cache)
npm http fetch GET 304 https://registry.npmjs.org/isexe 107ms (from cache)
npm http fetch GET 304 https://registry.npmjs.org/extsprintf 95ms (from cache)
npm http fetch GET 304 https://registry.npmjs.org/@colors%2fcolors 430ms (from cache)
npm http fetch GET 304 https://registry.npmjs.org/json-schema 102ms (from cache)
npm http fetch GET 304 https://registry.npmjs.org/verror 123ms (from cache)
npm http fetch GET 304 https://registry.npmjs.org/once 105ms (from cache)
npm http fetch GET 304 https://registry.npmjs.org/end-of-stream 135ms (from cache)
npm http fetch GET 304 https://registry.npmjs.org/emoji-regex 109ms (from cache)
npm http fetch GET 304 https://registry.npmjs.org/is-fullwidth-code-point 114ms (from cache)
npm http fetch GET 304 https://registry.npmjs.org/astral-regex 113ms (from cache)
npm http fetch GET 304 https://registry.npmjs.org/type-fest 145ms (from cache)
npm http fetch GET 304 https://registry.npmjs.org/ansi-regex 112ms (from cache)
npm http fetch GET 304 https://registry.npmjs.org/clean-stack 115ms (from cache)
npm http fetch GET 304 https://registry.npmjs.org/fs.realpath 88ms (from cache)
npm http fetch GET 304 https://registry.npmjs.org/indent-string 103ms (from cache)
npm http fetch GET 304 https://registry.npmjs.org/inflight 90ms (from cache)
npm http fetch GET 304 https://registry.npmjs.org/minimatch 67ms (from cache)
npm http fetch GET 200 https://registry.npmjs.org/extsprintf/-/extsprintf-1.4.1.tgz 61ms
npm http fetch GET 304 https://registry.npmjs.org/inherits 105ms (from cache)
npm http fetch GET 304 https://registry.npmjs.org/core-util-is 83ms (from cache)
npm http fetch GET 304 https://registry.npmjs.org/wrappy 84ms (from cache)
npm http fetch GET 304 https://registry.npmjs.org/path-is-absolute 98ms (from cache)
npm http fetch GET 304 https://registry.npmjs.org/brace-expansion 72ms (from cache)
npm http fetch GET 304 https://registry.npmjs.org/balanced-match 58ms (from cache)
npm http fetch GET 304 https://registry.npmjs.org/concat-map 82ms (from cache)
npm timing stage:loadIdealTree:loadAllDepsIntoIdealTree Completed in 3520ms
npm timing stage:loadIdealTree Completed in 3615ms
npm timing stage:generateActionsToTake Completed in 50ms
npm verb correctMkdir C:\Users\rejeo.mathew\AppData\Roaming\npm-cache\_locks correctMkdir not in flight; initializing
npm verb makeCacheDir UID & GID are irrelevant on win32
npm verb lock using C:\Users\rejeo.mathew\AppData\Roaming\npm-cache\_locks\staging-1022905e49d0f58b.lock for D:\Project\Cypress\tmpBstackPackages\node_modules\.staging
npm timing audit submit Completed in 367ms
npm http fetch POST 200 https://registry.npmjs.org/-/npm/v1/security/audits/quick 369ms
npm timing audit body Completed in 12ms
npm http fetch GET 200 https://registry.npmjs.org/cypress/-/cypress-11.2.0.tgz 2400ms
npm timing action:extract Completed in 4414ms
npm timing action:finalize Completed in 473ms
npm timing action:refresh-package-json Completed in 1157ms
npm info lifecycle @colors/colors@1.5.0~preinstall: @colors/colors@1.5.0
npm info lifecycle @types/node@14.18.34~preinstall: @types/node@14.18.34
npm info lifecycle @types/sinonjs__fake-timers@8.1.1~preinstall: @types/sinonjs__fake-timers@8.1.1
npm info lifecycle @types/sizzle@2.3.3~preinstall: @types/sizzle@2.3.3
npm info lifecycle @types/yauzl@2.10.0~preinstall: @types/yauzl@2.10.0
npm info lifecycle ansi-colors@4.1.3~preinstall: ansi-colors@4.1.3
npm info lifecycle ansi-regex@5.0.1~preinstall: ansi-regex@5.0.1
npm info lifecycle arch@2.2.0~preinstall: arch@2.2.0
npm info lifecycle assert-plus@1.0.0~preinstall: assert-plus@1.0.0
npm info lifecycle astral-regex@2.0.0~preinstall: astral-regex@2.0.0
npm info lifecycle async@3.2.4~preinstall: async@3.2.4
npm info lifecycle asynckit@0.4.0~preinstall: asynckit@0.4.0
npm info lifecycle at-least-node@1.0.0~preinstall: at-least-node@1.0.0
npm info lifecycle aws-sign2@0.7.0~preinstall: aws-sign2@0.7.0
npm info lifecycle aws4@1.11.0~preinstall: aws4@1.11.0
npm info lifecycle balanced-match@1.0.2~preinstall: balanced-match@1.0.2
npm info lifecycle base64-js@1.5.1~preinstall: base64-js@1.5.1
npm info lifecycle blob-util@2.0.2~preinstall: blob-util@2.0.2
npm info lifecycle bluebird@3.7.2~preinstall: bluebird@3.7.2
npm info lifecycle buffer-crc32@0.2.13~preinstall: buffer-crc32@0.2.13
npm info lifecycle cachedir@2.3.0~preinstall: cachedir@2.3.0
npm info lifecycle caseless@0.12.0~preinstall: caseless@0.12.0
npm info lifecycle check-more-types@2.24.0~preinstall: check-more-types@2.24.0
npm info lifecycle ci-info@3.7.0~preinstall: ci-info@3.7.0
npm info lifecycle clean-stack@2.2.0~preinstall: clean-stack@2.2.0
npm info lifecycle color-name@1.1.4~preinstall: color-name@1.1.4
npm info lifecycle color-convert@2.0.1~preinstall: color-convert@2.0.1
npm info lifecycle ansi-styles@4.3.0~preinstall: ansi-styles@4.3.0
npm info lifecycle colorette@2.0.19~preinstall: colorette@2.0.19
npm info lifecycle commander@5.1.0~preinstall: commander@5.1.0
npm info lifecycle common-tags@1.8.2~preinstall: common-tags@1.8.2
npm info lifecycle concat-map@0.0.1~preinstall: concat-map@0.0.1
npm info lifecycle brace-expansion@1.1.11~preinstall: brace-expansion@1.1.11
npm info lifecycle core-util-is@1.0.2~preinstall: core-util-is@1.0.2
npm info lifecycle dashdash@1.14.1~preinstall: dashdash@1.14.1
npm info lifecycle dayjs@1.11.7~preinstall: dayjs@1.11.7
npm info lifecycle ms@2.1.2~preinstall: ms@2.1.2
npm info lifecycle debug@4.3.4~preinstall: debug@4.3.4
npm info lifecycle delayed-stream@1.0.0~preinstall: delayed-stream@1.0.0
npm info lifecycle combined-stream@1.0.8~preinstall: combined-stream@1.0.8
npm info lifecycle emoji-regex@8.0.0~preinstall: emoji-regex@8.0.0
npm info lifecycle enquirer@2.3.6~preinstall: enquirer@2.3.6
npm info lifecycle escape-string-regexp@1.0.5~preinstall: escape-string-regexp@1.0.5
npm info lifecycle eventemitter2@6.4.7~preinstall: eventemitter2@6.4.7
npm info lifecycle extend@3.0.2~preinstall: extend@3.0.2
npm info lifecycle extsprintf@1.3.0~preinstall: extsprintf@1.3.0
npm info lifecycle figures@3.2.0~preinstall: figures@3.2.0
npm info lifecycle forever-agent@0.6.1~preinstall: forever-agent@0.6.1
npm info lifecycle fs.realpath@1.0.0~preinstall: fs.realpath@1.0.0
npm info lifecycle getos@3.2.1~preinstall: getos@3.2.1
npm info lifecycle cypress@11.2.0~preinstall: cypress@11.2.0
npm info lifecycle extract-zip@2.0.1~preinstall: extract-zip@2.0.1
npm info lifecycle yauzl@2.10.0~preinstall: yauzl@2.10.0
npm info lifecycle semver@7.3.8~preinstall: semver@7.3.8
npm info lifecycle lru-cache@6.0.0~preinstall: lru-cache@6.0.0
npm info lifecycle yallist@4.0.0~preinstall: yallist@4.0.0
npm info lifecycle execa@4.1.0~preinstall: execa@4.1.0
npm info lifecycle get-stream@5.2.0~preinstall: get-stream@5.2.0
npm info lifecycle pump@3.0.0~preinstall: pump@3.0.0
npm info lifecycle tmp@0.2.1~preinstall: tmp@0.2.1
npm info lifecycle rimraf@3.0.2~preinstall: rimraf@3.0.2
npm info lifecycle glob@7.2.3~preinstall: glob@7.2.3
npm info lifecycle inflight@1.0.6~preinstall: inflight@1.0.6
npm info lifecycle end-of-stream@1.4.4~preinstall: end-of-stream@1.4.4
npm info lifecycle once@1.4.0~preinstall: once@1.4.0
npm info lifecycle wrappy@1.0.2~preinstall: wrappy@1.0.2
npm info lifecycle listr2@3.14.0~preinstall: listr2@3.14.0
npm info lifecycle wrap-ansi@7.0.0~preinstall: wrap-ansi@7.0.0
npm info lifecycle cross-spawn@7.0.3~preinstall: cross-spawn@7.0.3
npm info lifecycle which@2.0.2~preinstall: which@2.0.2
npm info lifecycle @cypress/request@2.88.10~preinstall: @cypress/request@2.88.10
npm info lifecycle http-signature@1.3.6~preinstall: http-signature@1.3.6
npm info lifecycle jsprim@2.0.2~preinstall: jsprim@2.0.2
npm info lifecycle verror@1.10.0~preinstall: verror@1.10.0
npm info lifecycle uuid@8.3.2~preinstall: uuid@8.3.2
npm info lifecycle untildify@4.0.0~preinstall: untildify@4.0.0
npm info lifecycle fs-extra@9.1.0~preinstall: fs-extra@9.1.0
npm info lifecycle jsonfile@6.1.0~preinstall: jsonfile@6.1.0
npm info lifecycle universalify@2.0.0~preinstall: universalify@2.0.0
npm info lifecycle log-update@4.0.0~preinstall: log-update@4.0.0
npm info lifecycle ansi-escapes@4.3.2~preinstall: ansi-escapes@4.3.2
npm info lifecycle type-fest@0.21.3~preinstall: type-fest@0.21.3
npm info lifecycle sshpk@1.17.0~preinstall: sshpk@1.17.0
npm info lifecycle bcrypt-pbkdf@1.0.2~preinstall: bcrypt-pbkdf@1.0.2
npm info lifecycle tweetnacl@0.14.5~preinstall: tweetnacl@0.14.5
npm info lifecycle tunnel-agent@0.6.0~preinstall: tunnel-agent@0.6.0
npm info lifecycle rxjs@7.6.0~preinstall: rxjs@7.6.0
npm info lifecycle tslib@2.4.1~preinstall: tslib@2.4.1
npm info lifecycle tough-cookie@2.5.0~preinstall: tough-cookie@2.5.0
npm info lifecycle through@2.3.8~preinstall: through@2.3.8
npm info lifecycle request-progress@3.0.0~preinstall: request-progress@3.0.0
npm info lifecycle throttleit@1.0.0~preinstall: throttleit@1.0.0
npm info lifecycle supports-color@8.1.1~preinstall: supports-color@8.1.1
npm info lifecycle strip-final-newline@2.0.0~preinstall: strip-final-newline@2.0.0
npm info lifecycle wrap-ansi@6.2.0~preinstall: wrap-ansi@6.2.0
npm info lifecycle cli-truncate@2.1.0~preinstall: cli-truncate@2.1.0
npm info lifecycle cli-table3@0.6.3~preinstall: cli-table3@0.6.3
npm info lifecycle string-width@4.2.3~preinstall: string-width@4.2.3
npm info lifecycle strip-ansi@6.0.1~preinstall: strip-ansi@6.0.1
npm info lifecycle slice-ansi@3.0.0~preinstall: slice-ansi@3.0.0
npm info lifecycle cli-cursor@3.1.0~preinstall: cli-cursor@3.1.0
npm info lifecycle restore-cursor@3.1.0~preinstall: restore-cursor@3.1.0
npm info lifecycle signal-exit@3.0.7~preinstall: signal-exit@3.0.7
npm info lifecycle shebang-command@2.0.0~preinstall: shebang-command@2.0.0
npm info lifecycle shebang-regex@3.0.0~preinstall: shebang-regex@3.0.0
npm info lifecycle ecc-jsbn@0.1.2~preinstall: ecc-jsbn@0.1.2
npm info lifecycle asn1@0.2.6~preinstall: asn1@0.2.6
npm info lifecycle safer-buffer@2.1.2~preinstall: safer-buffer@2.1.2
npm info lifecycle safe-buffer@5.2.1~preinstall: safe-buffer@5.2.1
npm info lifecycle rfdc@1.3.0~preinstall: rfdc@1.3.0
npm info lifecycle qs@6.5.3~preinstall: qs@6.5.3
npm info lifecycle punycode@2.1.1~preinstall: punycode@2.1.1
npm info lifecycle psl@1.9.0~preinstall: psl@1.9.0
npm info lifecycle proxy-from-env@1.0.0~preinstall: proxy-from-env@1.0.0
npm info lifecycle pretty-bytes@5.6.0~preinstall: pretty-bytes@5.6.0
npm info lifecycle executable@4.1.1~preinstall: executable@4.1.1
npm info lifecycle pify@2.3.0~preinstall: pify@2.3.0
npm info lifecycle performance-now@2.1.0~preinstall: performance-now@2.1.0
npm info lifecycle fd-slicer@1.1.0~preinstall: fd-slicer@1.1.0
npm info lifecycle pend@1.2.0~preinstall: pend@1.2.0
npm info lifecycle npm-run-path@4.0.1~preinstall: npm-run-path@4.0.1
npm info lifecycle path-key@3.1.1~preinstall: path-key@3.1.1
npm info lifecycle path-is-absolute@1.0.1~preinstall: path-is-absolute@1.0.1
npm info lifecycle p-map@4.0.0~preinstall: p-map@4.0.0
npm info lifecycle ospath@1.2.2~preinstall: ospath@1.2.2
npm info lifecycle onetime@5.1.2~preinstall: onetime@5.1.2
npm info lifecycle @cypress/xvfb@1.2.4~preinstall: @cypress/xvfb@1.2.4
npm info lifecycle debug@3.2.7~preinstall: debug@3.2.7
npm info lifecycle ms@2.1.3~preinstall: ms@2.1.3
npm info lifecycle minimist@1.2.7~preinstall: minimist@1.2.7
npm info lifecycle minimatch@3.1.2~preinstall: minimatch@3.1.2
npm info lifecycle mimic-fn@2.1.0~preinstall: mimic-fn@2.1.0
npm info lifecycle form-data@2.3.3~preinstall: form-data@2.3.3
npm info lifecycle mime-types@2.1.35~preinstall: mime-types@2.1.35
npm info lifecycle mime-db@1.52.0~preinstall: mime-db@1.52.0
npm info lifecycle merge-stream@2.0.0~preinstall: merge-stream@2.0.0
npm info lifecycle slice-ansi@4.0.0~preinstall: slice-ansi@4.0.0
npm info lifecycle log-symbols@4.1.0~preinstall: log-symbols@4.1.0
npm info lifecycle lodash.once@4.1.1~preinstall: lodash.once@4.1.1
npm info lifecycle lodash@4.17.21~preinstall: lodash@4.17.21
npm info lifecycle lazy-ass@1.6.0~preinstall: lazy-ass@1.6.0
npm info lifecycle json-stringify-safe@5.0.1~preinstall: json-stringify-safe@5.0.1
npm info lifecycle json-schema@0.4.0~preinstall: json-schema@0.4.0
npm info lifecycle jsbn@0.1.1~preinstall: jsbn@0.1.1
npm info lifecycle isstream@0.1.2~preinstall: isstream@0.1.2
npm info lifecycle isexe@2.0.0~preinstall: isexe@2.0.0
npm info lifecycle is-unicode-supported@0.1.0~preinstall: is-unicode-supported@0.1.0
npm info lifecycle is-typedarray@1.0.0~preinstall: is-typedarray@1.0.0
npm info lifecycle is-stream@2.0.1~preinstall: is-stream@2.0.1
npm info lifecycle is-installed-globally@0.4.0~preinstall: is-installed-globally@0.4.0
npm info lifecycle is-path-inside@3.0.3~preinstall: is-path-inside@3.0.3
npm info lifecycle is-fullwidth-code-point@3.0.0~preinstall: is-fullwidth-code-point@3.0.0
npm info lifecycle is-ci@3.0.1~preinstall: is-ci@3.0.1
npm info lifecycle global-dirs@3.0.1~preinstall: global-dirs@3.0.1
npm info lifecycle ini@2.0.0~preinstall: ini@2.0.0
npm info lifecycle inherits@2.0.4~preinstall: inherits@2.0.4
npm info lifecycle aggregate-error@3.1.0~preinstall: aggregate-error@3.1.0
npm info lifecycle indent-string@4.0.0~preinstall: indent-string@4.0.0
npm info lifecycle buffer@5.7.1~preinstall: buffer@5.7.1
npm info lifecycle ieee754@1.2.1~preinstall: ieee754@1.2.1
npm info lifecycle human-signals@1.1.1~preinstall: human-signals@1.1.1
npm info lifecycle chalk@4.1.2~preinstall: chalk@4.1.2
npm info lifecycle supports-color@7.2.0~preinstall: supports-color@7.2.0
npm info lifecycle has-flag@4.0.0~preinstall: has-flag@4.0.0
npm info lifecycle graceful-fs@4.2.10~preinstall: graceful-fs@4.2.10
npm info lifecycle getpass@0.1.7~preinstall: getpass@0.1.7
npm timing action:preinstall Completed in 78ms
npm info linkStuff @colors/colors@1.5.0
npm info linkStuff @types/node@14.18.34
npm info linkStuff @types/sinonjs__fake-timers@8.1.1
npm info linkStuff @types/sizzle@2.3.3
npm info linkStuff @types/yauzl@2.10.0
npm info linkStuff ansi-colors@4.1.3
npm info linkStuff ansi-regex@5.0.1
npm info linkStuff arch@2.2.0
npm info linkStuff assert-plus@1.0.0
npm info linkStuff astral-regex@2.0.0
npm info linkStuff async@3.2.4
npm info linkStuff asynckit@0.4.0
npm info linkStuff at-least-node@1.0.0
npm info linkStuff aws-sign2@0.7.0
npm info linkStuff aws4@1.11.0
npm info linkStuff balanced-match@1.0.2
npm info linkStuff base64-js@1.5.1
npm info linkStuff blob-util@2.0.2
npm info linkStuff bluebird@3.7.2
npm info linkStuff buffer-crc32@0.2.13
npm info linkStuff cachedir@2.3.0
npm info linkStuff caseless@0.12.0
npm info linkStuff check-more-types@2.24.0
npm info linkStuff ci-info@3.7.0
npm info linkStuff clean-stack@2.2.0
npm info linkStuff color-name@1.1.4
npm info linkStuff color-convert@2.0.1
npm info linkStuff ansi-styles@4.3.0
npm info linkStuff colorette@2.0.19
npm info linkStuff commander@5.1.0
npm info linkStuff common-tags@1.8.2
npm info linkStuff concat-map@0.0.1
npm info linkStuff brace-expansion@1.1.11
npm info linkStuff core-util-is@1.0.2
npm info linkStuff dashdash@1.14.1
npm info linkStuff dayjs@1.11.7
npm info linkStuff ms@2.1.2
npm info linkStuff debug@4.3.4
npm info linkStuff delayed-stream@1.0.0
npm info linkStuff combined-stream@1.0.8
npm info linkStuff emoji-regex@8.0.0
npm info linkStuff enquirer@2.3.6
npm info linkStuff escape-string-regexp@1.0.5
npm info linkStuff eventemitter2@6.4.7
npm info linkStuff extend@3.0.2
npm info linkStuff extsprintf@1.3.0
npm info linkStuff figures@3.2.0
npm info linkStuff forever-agent@0.6.1
npm info linkStuff fs.realpath@1.0.0
npm info linkStuff getos@3.2.1
npm info linkStuff getpass@0.1.7
npm info linkStuff graceful-fs@4.2.10
npm info linkStuff has-flag@4.0.0
npm info linkStuff supports-color@7.2.0
npm info linkStuff chalk@4.1.2
npm info linkStuff human-signals@1.1.1
npm info linkStuff ieee754@1.2.1
npm info linkStuff buffer@5.7.1
npm info linkStuff indent-string@4.0.0
npm info linkStuff aggregate-error@3.1.0
npm info linkStuff inherits@2.0.4
npm info linkStuff ini@2.0.0
npm info linkStuff global-dirs@3.0.1
npm info linkStuff is-ci@3.0.1
npm verb linkBins [
npm verb linkBins   { 'is-ci': 'bin.js' },
npm verb linkBins   'D:\\Project\\Cypress\\tmpBstackPackages\\node_modules\\.bin',
npm verb linkBins   false
npm verb linkBins ]
npm info linkStuff is-fullwidth-code-point@3.0.0
npm info linkStuff is-path-inside@3.0.3
npm info linkStuff is-installed-globally@0.4.0
npm info linkStuff is-stream@2.0.1
npm info linkStuff is-typedarray@1.0.0
npm info linkStuff is-unicode-supported@0.1.0
npm info linkStuff isexe@2.0.0
npm info linkStuff isstream@0.1.2
npm info linkStuff jsbn@0.1.1
npm info linkStuff json-schema@0.4.0
npm info linkStuff json-stringify-safe@5.0.1
npm info linkStuff lazy-ass@1.6.0
npm info linkStuff lodash@4.17.21
npm info linkStuff lodash.once@4.1.1
npm info linkStuff log-symbols@4.1.0
npm info linkStuff slice-ansi@4.0.0
npm info linkStuff merge-stream@2.0.0
npm info linkStuff mime-db@1.52.0
npm info linkStuff mime-types@2.1.35
npm info linkStuff form-data@2.3.3
npm info linkStuff mimic-fn@2.1.0
npm info linkStuff minimatch@3.1.2
npm info linkStuff minimist@1.2.7
npm info linkStuff ms@2.1.3
npm info linkStuff debug@3.2.7
npm info linkStuff @cypress/xvfb@1.2.4
npm info linkStuff onetime@5.1.2
npm info linkStuff ospath@1.2.2
npm info linkStuff p-map@4.0.0
npm info linkStuff path-is-absolute@1.0.1
npm info linkStuff path-key@3.1.1
npm info linkStuff npm-run-path@4.0.1
npm info linkStuff pend@1.2.0
npm info linkStuff fd-slicer@1.1.0
npm info linkStuff performance-now@2.1.0
npm info linkStuff pify@2.3.0
npm info linkStuff executable@4.1.1
npm info linkStuff pretty-bytes@5.6.0
npm info linkStuff proxy-from-env@1.0.0
npm info linkStuff psl@1.9.0
npm info linkStuff punycode@2.1.1
npm info linkStuff qs@6.5.3
npm info linkStuff rfdc@1.3.0
npm info linkStuff safe-buffer@5.2.1
npm info linkStuff safer-buffer@2.1.2
npm info linkStuff asn1@0.2.6
npm info linkStuff ecc-jsbn@0.1.2
npm info linkStuff shebang-regex@3.0.0
npm info linkStuff shebang-command@2.0.0
npm info linkStuff signal-exit@3.0.7
npm info linkStuff restore-cursor@3.1.0
npm info linkStuff cli-cursor@3.1.0
npm info linkStuff slice-ansi@3.0.0
npm info linkStuff strip-ansi@6.0.1
npm info linkStuff string-width@4.2.3
npm info linkStuff cli-table3@0.6.3
npm info linkStuff cli-truncate@2.1.0
npm info linkStuff wrap-ansi@6.2.0
npm info linkStuff strip-final-newline@2.0.0
npm info linkStuff supports-color@8.1.1
npm info linkStuff throttleit@1.0.0
npm info linkStuff request-progress@3.0.0
npm info linkStuff through@2.3.8
npm info linkStuff tough-cookie@2.5.0
npm info linkStuff tslib@2.4.1
npm info linkStuff rxjs@7.6.0
npm info linkStuff tunnel-agent@0.6.0
npm info linkStuff tweetnacl@0.14.5
npm info linkStuff bcrypt-pbkdf@1.0.2
npm info linkStuff sshpk@1.17.0
npm verb linkBins [
npm verb linkBins   {
npm verb linkBins     'sshpk-conv': 'bin/sshpk-conv',
npm verb linkBins     'sshpk-sign': 'bin/sshpk-sign',
npm verb linkBins     'sshpk-verify': 'bin/sshpk-verify'
npm verb linkBins   },
npm verb linkBins   'D:\\Project\\Cypress\\tmpBstackPackages\\node_modules\\.bin',
npm verb linkBins   false
npm verb linkBins ]
npm info linkStuff type-fest@0.21.3
npm info linkStuff ansi-escapes@4.3.2
npm info linkStuff log-update@4.0.0
npm info linkStuff universalify@2.0.0
npm info linkStuff jsonfile@6.1.0
npm info linkStuff fs-extra@9.1.0
npm info linkStuff untildify@4.0.0
npm info linkStuff uuid@8.3.2
npm verb linkBins [
npm verb linkBins   { uuid: 'dist/bin/uuid' },
npm verb linkBins   'D:\\Project\\Cypress\\tmpBstackPackages\\node_modules\\.bin',
npm verb linkBins   false
npm verb linkBins ]
npm info linkStuff verror@1.10.0
npm info linkStuff jsprim@2.0.2
npm info linkStuff http-signature@1.3.6
npm info linkStuff @cypress/request@2.88.10
npm info linkStuff which@2.0.2
npm verb linkBins [
npm verb linkBins   { 'node-which': 'bin/node-which' },
npm verb linkBins   'D:\\Project\\Cypress\\tmpBstackPackages\\node_modules\\.bin',
npm verb linkBins   false
npm verb linkBins ]
npm info linkStuff cross-spawn@7.0.3
npm info linkStuff wrap-ansi@7.0.0
npm info linkStuff listr2@3.14.0
npm info linkStuff wrappy@1.0.2
npm info linkStuff once@1.4.0
npm info linkStuff end-of-stream@1.4.4
npm info linkStuff inflight@1.0.6
npm info linkStuff glob@7.2.3
npm info linkStuff rimraf@3.0.2
npm verb linkBins [
npm verb linkBins   { rimraf: 'bin.js' },
npm verb linkBins   'D:\\Project\\Cypress\\tmpBstackPackages\\node_modules\\.bin',
npm verb linkBins   false
npm verb linkBins ]
npm info linkStuff tmp@0.2.1
npm info linkStuff pump@3.0.0
npm info linkStuff get-stream@5.2.0
npm info linkStuff execa@4.1.0
npm info linkStuff yallist@4.0.0
npm info linkStuff lru-cache@6.0.0
npm info linkStuff semver@7.3.8
npm verb linkBins [
npm verb linkBins   { semver: 'bin/semver.js' },
npm verb linkBins   'D:\\Project\\Cypress\\tmpBstackPackages\\node_modules\\.bin',
npm verb linkBins   false
npm verb linkBins ]
npm info linkStuff yauzl@2.10.0
npm info linkStuff extract-zip@2.0.1
npm verb linkBins [
npm verb linkBins   { 'extract-zip': 'cli.js' },
npm verb linkBins   'D:\\Project\\Cypress\\tmpBstackPackages\\node_modules\\.bin',
npm verb linkBins   false
npm verb linkBins ]
npm info linkStuff cypress@11.2.0
npm verb linkBins [
npm verb linkBins   { cypress: 'bin/cypress' },
npm verb linkBins   'D:\\Project\\Cypress\\tmpBstackPackages\\node_modules\\.bin',
npm verb linkBins   false
npm verb linkBins ]
npm timing action:build Completed in 231ms
npm info lifecycle @colors/colors@1.5.0~install: @colors/colors@1.5.0
npm info lifecycle @types/node@14.18.34~install: @types/node@14.18.34
npm info lifecycle @types/sinonjs__fake-timers@8.1.1~install: @types/sinonjs__fake-timers@8.1.1
npm info lifecycle @types/sizzle@2.3.3~install: @types/sizzle@2.3.3
npm info lifecycle @types/yauzl@2.10.0~install: @types/yauzl@2.10.0
npm info lifecycle ansi-colors@4.1.3~install: ansi-colors@4.1.3
npm info lifecycle ansi-regex@5.0.1~install: ansi-regex@5.0.1
npm info lifecycle arch@2.2.0~install: arch@2.2.0
npm info lifecycle assert-plus@1.0.0~install: assert-plus@1.0.0
npm info lifecycle astral-regex@2.0.0~install: astral-regex@2.0.0
npm info lifecycle async@3.2.4~install: async@3.2.4
npm info lifecycle asynckit@0.4.0~install: asynckit@0.4.0
npm info lifecycle at-least-node@1.0.0~install: at-least-node@1.0.0
npm info lifecycle aws-sign2@0.7.0~install: aws-sign2@0.7.0
npm info lifecycle aws4@1.11.0~install: aws4@1.11.0
npm info lifecycle balanced-match@1.0.2~install: balanced-match@1.0.2
npm info lifecycle base64-js@1.5.1~install: base64-js@1.5.1
npm info lifecycle blob-util@2.0.2~install: blob-util@2.0.2
npm info lifecycle bluebird@3.7.2~install: bluebird@3.7.2
npm info lifecycle buffer-crc32@0.2.13~install: buffer-crc32@0.2.13
npm info lifecycle cachedir@2.3.0~install: cachedir@2.3.0
npm info lifecycle caseless@0.12.0~install: caseless@0.12.0
npm info lifecycle check-more-types@2.24.0~install: check-more-types@2.24.0
npm info lifecycle ci-info@3.7.0~install: ci-info@3.7.0
npm info lifecycle clean-stack@2.2.0~install: clean-stack@2.2.0
npm info lifecycle color-name@1.1.4~install: color-name@1.1.4
npm info lifecycle color-convert@2.0.1~install: color-convert@2.0.1
npm info lifecycle ansi-styles@4.3.0~install: ansi-styles@4.3.0
npm info lifecycle colorette@2.0.19~install: colorette@2.0.19
npm info lifecycle commander@5.1.0~install: commander@5.1.0
npm info lifecycle common-tags@1.8.2~install: common-tags@1.8.2
npm info lifecycle concat-map@0.0.1~install: concat-map@0.0.1
npm info lifecycle brace-expansion@1.1.11~install: brace-expansion@1.1.11
npm info lifecycle core-util-is@1.0.2~install: core-util-is@1.0.2
npm info lifecycle dashdash@1.14.1~install: dashdash@1.14.1
npm info lifecycle dayjs@1.11.7~install: dayjs@1.11.7
npm info lifecycle ms@2.1.2~install: ms@2.1.2
npm info lifecycle debug@4.3.4~install: debug@4.3.4
npm info lifecycle delayed-stream@1.0.0~install: delayed-stream@1.0.0
npm info lifecycle combined-stream@1.0.8~install: combined-stream@1.0.8
npm info lifecycle emoji-regex@8.0.0~install: emoji-regex@8.0.0
npm info lifecycle enquirer@2.3.6~install: enquirer@2.3.6
npm info lifecycle escape-string-regexp@1.0.5~install: escape-string-regexp@1.0.5
npm info lifecycle eventemitter2@6.4.7~install: eventemitter2@6.4.7
npm info lifecycle extend@3.0.2~install: extend@3.0.2
npm info lifecycle extsprintf@1.3.0~install: extsprintf@1.3.0
npm info lifecycle figures@3.2.0~install: figures@3.2.0
npm info lifecycle forever-agent@0.6.1~install: forever-agent@0.6.1
npm info lifecycle fs.realpath@1.0.0~install: fs.realpath@1.0.0
npm info lifecycle getos@3.2.1~install: getos@3.2.1
npm info lifecycle getpass@0.1.7~install: getpass@0.1.7
npm info lifecycle graceful-fs@4.2.10~install: graceful-fs@4.2.10
npm info lifecycle has-flag@4.0.0~install: has-flag@4.0.0
npm info lifecycle supports-color@7.2.0~install: supports-color@7.2.0
npm info lifecycle chalk@4.1.2~install: chalk@4.1.2
npm info lifecycle human-signals@1.1.1~install: human-signals@1.1.1
npm info lifecycle ieee754@1.2.1~install: ieee754@1.2.1
npm info lifecycle buffer@5.7.1~install: buffer@5.7.1
npm info lifecycle indent-string@4.0.0~install: indent-string@4.0.0
npm info lifecycle aggregate-error@3.1.0~install: aggregate-error@3.1.0
npm info lifecycle inherits@2.0.4~install: inherits@2.0.4
npm info lifecycle ini@2.0.0~install: ini@2.0.0
npm info lifecycle global-dirs@3.0.1~install: global-dirs@3.0.1
npm info lifecycle is-ci@3.0.1~install: is-ci@3.0.1
npm info lifecycle is-fullwidth-code-point@3.0.0~install: is-fullwidth-code-point@3.0.0
npm info lifecycle is-path-inside@3.0.3~install: is-path-inside@3.0.3
npm info lifecycle is-installed-globally@0.4.0~install: is-installed-globally@0.4.0
npm info lifecycle is-stream@2.0.1~install: is-stream@2.0.1
npm info lifecycle is-typedarray@1.0.0~install: is-typedarray@1.0.0
npm info lifecycle is-unicode-supported@0.1.0~install: is-unicode-supported@0.1.0
npm info lifecycle isexe@2.0.0~install: isexe@2.0.0
npm info lifecycle isstream@0.1.2~install: isstream@0.1.2
npm info lifecycle jsbn@0.1.1~install: jsbn@0.1.1
npm info lifecycle json-schema@0.4.0~install: json-schema@0.4.0
npm info lifecycle json-stringify-safe@5.0.1~install: json-stringify-safe@5.0.1
npm info lifecycle lazy-ass@1.6.0~install: lazy-ass@1.6.0
npm info lifecycle lodash@4.17.21~install: lodash@4.17.21
npm info lifecycle lodash.once@4.1.1~install: lodash.once@4.1.1
npm info lifecycle log-symbols@4.1.0~install: log-symbols@4.1.0
npm info lifecycle slice-ansi@4.0.0~install: slice-ansi@4.0.0
npm info lifecycle merge-stream@2.0.0~install: merge-stream@2.0.0
npm info lifecycle mime-db@1.52.0~install: mime-db@1.52.0
npm info lifecycle mime-types@2.1.35~install: mime-types@2.1.35
npm info lifecycle form-data@2.3.3~install: form-data@2.3.3
npm info lifecycle mimic-fn@2.1.0~install: mimic-fn@2.1.0
npm info lifecycle minimatch@3.1.2~install: minimatch@3.1.2
npm info lifecycle minimist@1.2.7~install: minimist@1.2.7
npm info lifecycle ms@2.1.3~install: ms@2.1.3
npm info lifecycle debug@3.2.7~install: debug@3.2.7
npm info lifecycle @cypress/xvfb@1.2.4~install: @cypress/xvfb@1.2.4
npm info lifecycle onetime@5.1.2~install: onetime@5.1.2
npm info lifecycle ospath@1.2.2~install: ospath@1.2.2
npm info lifecycle p-map@4.0.0~install: p-map@4.0.0
npm info lifecycle path-is-absolute@1.0.1~install: path-is-absolute@1.0.1
npm info lifecycle path-key@3.1.1~install: path-key@3.1.1
npm info lifecycle npm-run-path@4.0.1~install: npm-run-path@4.0.1
npm info lifecycle pend@1.2.0~install: pend@1.2.0
npm info lifecycle fd-slicer@1.1.0~install: fd-slicer@1.1.0
npm info lifecycle performance-now@2.1.0~install: performance-now@2.1.0
npm info lifecycle pify@2.3.0~install: pify@2.3.0
npm info lifecycle executable@4.1.1~install: executable@4.1.1
npm info lifecycle pretty-bytes@5.6.0~install: pretty-bytes@5.6.0
npm info lifecycle proxy-from-env@1.0.0~install: proxy-from-env@1.0.0
npm info lifecycle psl@1.9.0~install: psl@1.9.0
npm info lifecycle punycode@2.1.1~install: punycode@2.1.1
npm info lifecycle qs@6.5.3~install: qs@6.5.3
npm info lifecycle rfdc@1.3.0~install: rfdc@1.3.0
npm info lifecycle safe-buffer@5.2.1~install: safe-buffer@5.2.1
npm info lifecycle safer-buffer@2.1.2~install: safer-buffer@2.1.2
npm info lifecycle asn1@0.2.6~install: asn1@0.2.6
npm info lifecycle ecc-jsbn@0.1.2~install: ecc-jsbn@0.1.2
npm info lifecycle shebang-regex@3.0.0~install: shebang-regex@3.0.0
npm info lifecycle shebang-command@2.0.0~install: shebang-command@2.0.0
npm info lifecycle signal-exit@3.0.7~install: signal-exit@3.0.7
npm info lifecycle restore-cursor@3.1.0~install: restore-cursor@3.1.0
npm info lifecycle cli-cursor@3.1.0~install: cli-cursor@3.1.0
npm info lifecycle slice-ansi@3.0.0~install: slice-ansi@3.0.0
npm info lifecycle strip-ansi@6.0.1~install: strip-ansi@6.0.1
npm info lifecycle string-width@4.2.3~install: string-width@4.2.3
npm info lifecycle cli-table3@0.6.3~install: cli-table3@0.6.3
npm info lifecycle cli-truncate@2.1.0~install: cli-truncate@2.1.0
npm info lifecycle wrap-ansi@6.2.0~install: wrap-ansi@6.2.0
npm info lifecycle strip-final-newline@2.0.0~install: strip-final-newline@2.0.0
npm info lifecycle supports-color@8.1.1~install: supports-color@8.1.1
npm info lifecycle throttleit@1.0.0~install: throttleit@1.0.0
npm info lifecycle request-progress@3.0.0~install: request-progress@3.0.0
npm info lifecycle through@2.3.8~install: through@2.3.8
npm info lifecycle tough-cookie@2.5.0~install: tough-cookie@2.5.0
npm info lifecycle tslib@2.4.1~install: tslib@2.4.1
npm info lifecycle rxjs@7.6.0~install: rxjs@7.6.0
npm info lifecycle tunnel-agent@0.6.0~install: tunnel-agent@0.6.0
npm info lifecycle tweetnacl@0.14.5~install: tweetnacl@0.14.5
npm info lifecycle bcrypt-pbkdf@1.0.2~install: bcrypt-pbkdf@1.0.2
npm info lifecycle sshpk@1.17.0~install: sshpk@1.17.0
npm info lifecycle type-fest@0.21.3~install: type-fest@0.21.3
npm info lifecycle ansi-escapes@4.3.2~install: ansi-escapes@4.3.2
npm info lifecycle log-update@4.0.0~install: log-update@4.0.0
npm info lifecycle universalify@2.0.0~install: universalify@2.0.0
npm info lifecycle jsonfile@6.1.0~install: jsonfile@6.1.0
npm info lifecycle fs-extra@9.1.0~install: fs-extra@9.1.0
npm info lifecycle untildify@4.0.0~install: untildify@4.0.0
npm info lifecycle uuid@8.3.2~install: uuid@8.3.2
npm info lifecycle verror@1.10.0~install: verror@1.10.0
npm info lifecycle jsprim@2.0.2~install: jsprim@2.0.2
npm info lifecycle http-signature@1.3.6~install: http-signature@1.3.6
npm info lifecycle @cypress/request@2.88.10~install: @cypress/request@2.88.10
npm info lifecycle which@2.0.2~install: which@2.0.2
npm info lifecycle cross-spawn@7.0.3~install: cross-spawn@7.0.3
npm info lifecycle wrap-ansi@7.0.0~install: wrap-ansi@7.0.0
npm info lifecycle listr2@3.14.0~install: listr2@3.14.0
npm info lifecycle wrappy@1.0.2~install: wrappy@1.0.2
npm info lifecycle once@1.4.0~install: once@1.4.0
npm info lifecycle end-of-stream@1.4.4~install: end-of-stream@1.4.4
npm info lifecycle inflight@1.0.6~install: inflight@1.0.6
npm info lifecycle glob@7.2.3~install: glob@7.2.3
npm info lifecycle rimraf@3.0.2~install: rimraf@3.0.2
npm info lifecycle tmp@0.2.1~install: tmp@0.2.1
npm info lifecycle pump@3.0.0~install: pump@3.0.0
npm info lifecycle get-stream@5.2.0~install: get-stream@5.2.0
npm info lifecycle execa@4.1.0~install: execa@4.1.0
npm info lifecycle yallist@4.0.0~install: yallist@4.0.0
npm info lifecycle lru-cache@6.0.0~install: lru-cache@6.0.0
npm info lifecycle semver@7.3.8~install: semver@7.3.8
npm info lifecycle yauzl@2.10.0~install: yauzl@2.10.0
npm info lifecycle extract-zip@2.0.1~install: extract-zip@2.0.1
npm info lifecycle cypress@11.2.0~install: cypress@11.2.0
npm timing action:install Completed in 83ms
npm info lifecycle @colors/colors@1.5.0~postinstall: @colors/colors@1.5.0
npm info lifecycle @types/node@14.18.34~postinstall: @types/node@14.18.34
npm info lifecycle @types/sinonjs__fake-timers@8.1.1~postinstall: @types/sinonjs__fake-timers@8.1.1
npm info lifecycle @types/sizzle@2.3.3~postinstall: @types/sizzle@2.3.3
npm info lifecycle @types/yauzl@2.10.0~postinstall: @types/yauzl@2.10.0
npm info lifecycle ansi-colors@4.1.3~postinstall: ansi-colors@4.1.3
npm info lifecycle ansi-regex@5.0.1~postinstall: ansi-regex@5.0.1
npm info lifecycle arch@2.2.0~postinstall: arch@2.2.0
npm info lifecycle assert-plus@1.0.0~postinstall: assert-plus@1.0.0
npm info lifecycle astral-regex@2.0.0~postinstall: astral-regex@2.0.0
npm info lifecycle async@3.2.4~postinstall: async@3.2.4
npm info lifecycle asynckit@0.4.0~postinstall: asynckit@0.4.0
npm info lifecycle at-least-node@1.0.0~postinstall: at-least-node@1.0.0
npm info lifecycle aws-sign2@0.7.0~postinstall: aws-sign2@0.7.0
npm info lifecycle aws4@1.11.0~postinstall: aws4@1.11.0
npm info lifecycle balanced-match@1.0.2~postinstall: balanced-match@1.0.2
npm info lifecycle base64-js@1.5.1~postinstall: base64-js@1.5.1
npm info lifecycle blob-util@2.0.2~postinstall: blob-util@2.0.2
npm info lifecycle bluebird@3.7.2~postinstall: bluebird@3.7.2
npm info lifecycle buffer-crc32@0.2.13~postinstall: buffer-crc32@0.2.13
npm info lifecycle cachedir@2.3.0~postinstall: cachedir@2.3.0
npm info lifecycle caseless@0.12.0~postinstall: caseless@0.12.0
npm info lifecycle check-more-types@2.24.0~postinstall: check-more-types@2.24.0
npm info lifecycle ci-info@3.7.0~postinstall: ci-info@3.7.0
npm info lifecycle clean-stack@2.2.0~postinstall: clean-stack@2.2.0
npm info lifecycle color-name@1.1.4~postinstall: color-name@1.1.4
npm info lifecycle color-convert@2.0.1~postinstall: color-convert@2.0.1
npm info lifecycle ansi-styles@4.3.0~postinstall: ansi-styles@4.3.0
npm info lifecycle colorette@2.0.19~postinstall: colorette@2.0.19
npm info lifecycle commander@5.1.0~postinstall: commander@5.1.0
npm info lifecycle common-tags@1.8.2~postinstall: common-tags@1.8.2
npm info lifecycle concat-map@0.0.1~postinstall: concat-map@0.0.1
npm info lifecycle brace-expansion@1.1.11~postinstall: brace-expansion@1.1.11
npm info lifecycle core-util-is@1.0.2~postinstall: core-util-is@1.0.2
npm info lifecycle dashdash@1.14.1~postinstall: dashdash@1.14.1
npm info lifecycle dayjs@1.11.7~postinstall: dayjs@1.11.7
npm info lifecycle ms@2.1.2~postinstall: ms@2.1.2
npm info lifecycle debug@4.3.4~postinstall: debug@4.3.4
npm info lifecycle delayed-stream@1.0.0~postinstall: delayed-stream@1.0.0
npm info lifecycle combined-stream@1.0.8~postinstall: combined-stream@1.0.8
npm info lifecycle emoji-regex@8.0.0~postinstall: emoji-regex@8.0.0
npm info lifecycle enquirer@2.3.6~postinstall: enquirer@2.3.6
npm info lifecycle escape-string-regexp@1.0.5~postinstall: escape-string-regexp@1.0.5
npm info lifecycle eventemitter2@6.4.7~postinstall: eventemitter2@6.4.7
npm info lifecycle extend@3.0.2~postinstall: extend@3.0.2
npm info lifecycle extsprintf@1.3.0~postinstall: extsprintf@1.3.0
npm info lifecycle figures@3.2.0~postinstall: figures@3.2.0
npm info lifecycle forever-agent@0.6.1~postinstall: forever-agent@0.6.1
npm info lifecycle fs.realpath@1.0.0~postinstall: fs.realpath@1.0.0
npm info lifecycle getos@3.2.1~postinstall: getos@3.2.1
npm info lifecycle getpass@0.1.7~postinstall: getpass@0.1.7
npm info lifecycle graceful-fs@4.2.10~postinstall: graceful-fs@4.2.10
npm info lifecycle has-flag@4.0.0~postinstall: has-flag@4.0.0
npm info lifecycle supports-color@7.2.0~postinstall: supports-color@7.2.0
npm info lifecycle chalk@4.1.2~postinstall: chalk@4.1.2
npm info lifecycle human-signals@1.1.1~postinstall: human-signals@1.1.1
npm info lifecycle ieee754@1.2.1~postinstall: ieee754@1.2.1
npm info lifecycle buffer@5.7.1~postinstall: buffer@5.7.1
npm info lifecycle indent-string@4.0.0~postinstall: indent-string@4.0.0
npm info lifecycle aggregate-error@3.1.0~postinstall: aggregate-error@3.1.0
npm info lifecycle inherits@2.0.4~postinstall: inherits@2.0.4
npm info lifecycle ini@2.0.0~postinstall: ini@2.0.0
npm info lifecycle global-dirs@3.0.1~postinstall: global-dirs@3.0.1
npm info lifecycle is-ci@3.0.1~postinstall: is-ci@3.0.1
npm info lifecycle is-fullwidth-code-point@3.0.0~postinstall: is-fullwidth-code-point@3.0.0
npm info lifecycle is-path-inside@3.0.3~postinstall: is-path-inside@3.0.3
npm info lifecycle is-installed-globally@0.4.0~postinstall: is-installed-globally@0.4.0
npm info lifecycle is-stream@2.0.1~postinstall: is-stream@2.0.1
npm info lifecycle is-typedarray@1.0.0~postinstall: is-typedarray@1.0.0
npm info lifecycle is-unicode-supported@0.1.0~postinstall: is-unicode-supported@0.1.0
npm info lifecycle isexe@2.0.0~postinstall: isexe@2.0.0
npm info lifecycle isstream@0.1.2~postinstall: isstream@0.1.2
npm info lifecycle jsbn@0.1.1~postinstall: jsbn@0.1.1
npm info lifecycle json-schema@0.4.0~postinstall: json-schema@0.4.0
npm info lifecycle json-stringify-safe@5.0.1~postinstall: json-stringify-safe@5.0.1
npm info lifecycle lazy-ass@1.6.0~postinstall: lazy-ass@1.6.0
npm info lifecycle lodash@4.17.21~postinstall: lodash@4.17.21
npm info lifecycle lodash.once@4.1.1~postinstall: lodash.once@4.1.1
npm info lifecycle log-symbols@4.1.0~postinstall: log-symbols@4.1.0
npm info lifecycle slice-ansi@4.0.0~postinstall: slice-ansi@4.0.0
npm info lifecycle merge-stream@2.0.0~postinstall: merge-stream@2.0.0
npm info lifecycle mime-db@1.52.0~postinstall: mime-db@1.52.0
npm info lifecycle mime-types@2.1.35~postinstall: mime-types@2.1.35
npm info lifecycle form-data@2.3.3~postinstall: form-data@2.3.3
npm info lifecycle mimic-fn@2.1.0~postinstall: mimic-fn@2.1.0
npm info lifecycle minimatch@3.1.2~postinstall: minimatch@3.1.2
npm info lifecycle minimist@1.2.7~postinstall: minimist@1.2.7
npm info lifecycle ms@2.1.3~postinstall: ms@2.1.3
npm info lifecycle debug@3.2.7~postinstall: debug@3.2.7
npm info lifecycle @cypress/xvfb@1.2.4~postinstall: @cypress/xvfb@1.2.4
npm info lifecycle onetime@5.1.2~postinstall: onetime@5.1.2
npm info lifecycle ospath@1.2.2~postinstall: ospath@1.2.2
npm info lifecycle p-map@4.0.0~postinstall: p-map@4.0.0
npm info lifecycle path-is-absolute@1.0.1~postinstall: path-is-absolute@1.0.1
npm info lifecycle path-key@3.1.1~postinstall: path-key@3.1.1
npm info lifecycle npm-run-path@4.0.1~postinstall: npm-run-path@4.0.1
npm info lifecycle pend@1.2.0~postinstall: pend@1.2.0
npm info lifecycle fd-slicer@1.1.0~postinstall: fd-slicer@1.1.0
npm info lifecycle performance-now@2.1.0~postinstall: performance-now@2.1.0
npm info lifecycle pify@2.3.0~postinstall: pify@2.3.0
npm info lifecycle executable@4.1.1~postinstall: executable@4.1.1
npm info lifecycle pretty-bytes@5.6.0~postinstall: pretty-bytes@5.6.0
npm info lifecycle proxy-from-env@1.0.0~postinstall: proxy-from-env@1.0.0
npm info lifecycle psl@1.9.0~postinstall: psl@1.9.0
npm info lifecycle punycode@2.1.1~postinstall: punycode@2.1.1
npm info lifecycle qs@6.5.3~postinstall: qs@6.5.3
npm info lifecycle rfdc@1.3.0~postinstall: rfdc@1.3.0
npm info lifecycle safe-buffer@5.2.1~postinstall: safe-buffer@5.2.1
npm info lifecycle safer-buffer@2.1.2~postinstall: safer-buffer@2.1.2
npm info lifecycle asn1@0.2.6~postinstall: asn1@0.2.6
npm info lifecycle ecc-jsbn@0.1.2~postinstall: ecc-jsbn@0.1.2
npm info lifecycle shebang-regex@3.0.0~postinstall: shebang-regex@3.0.0
npm info lifecycle shebang-command@2.0.0~postinstall: shebang-command@2.0.0
npm info lifecycle signal-exit@3.0.7~postinstall: signal-exit@3.0.7
npm info lifecycle restore-cursor@3.1.0~postinstall: restore-cursor@3.1.0
npm info lifecycle cli-cursor@3.1.0~postinstall: cli-cursor@3.1.0
npm info lifecycle slice-ansi@3.0.0~postinstall: slice-ansi@3.0.0
npm info lifecycle strip-ansi@6.0.1~postinstall: strip-ansi@6.0.1
npm info lifecycle string-width@4.2.3~postinstall: string-width@4.2.3
npm info lifecycle cli-table3@0.6.3~postinstall: cli-table3@0.6.3
npm info lifecycle cli-truncate@2.1.0~postinstall: cli-truncate@2.1.0
npm info lifecycle wrap-ansi@6.2.0~postinstall: wrap-ansi@6.2.0
npm info lifecycle strip-final-newline@2.0.0~postinstall: strip-final-newline@2.0.0
npm info lifecycle supports-color@8.1.1~postinstall: supports-color@8.1.1
npm info lifecycle throttleit@1.0.0~postinstall: throttleit@1.0.0
npm info lifecycle request-progress@3.0.0~postinstall: request-progress@3.0.0
npm info lifecycle through@2.3.8~postinstall: through@2.3.8
npm info lifecycle tough-cookie@2.5.0~postinstall: tough-cookie@2.5.0
npm info lifecycle tslib@2.4.1~postinstall: tslib@2.4.1
npm info lifecycle rxjs@7.6.0~postinstall: rxjs@7.6.0
npm info lifecycle tunnel-agent@0.6.0~postinstall: tunnel-agent@0.6.0
npm info lifecycle tweetnacl@0.14.5~postinstall: tweetnacl@0.14.5
npm info lifecycle bcrypt-pbkdf@1.0.2~postinstall: bcrypt-pbkdf@1.0.2
npm info lifecycle sshpk@1.17.0~postinstall: sshpk@1.17.0
npm info lifecycle type-fest@0.21.3~postinstall: type-fest@0.21.3
npm info lifecycle ansi-escapes@4.3.2~postinstall: ansi-escapes@4.3.2
npm info lifecycle log-update@4.0.0~postinstall: log-update@4.0.0
npm info lifecycle universalify@2.0.0~postinstall: universalify@2.0.0
npm info lifecycle jsonfile@6.1.0~postinstall: jsonfile@6.1.0
npm info lifecycle fs-extra@9.1.0~postinstall: fs-extra@9.1.0
npm info lifecycle untildify@4.0.0~postinstall: untildify@4.0.0
npm info lifecycle uuid@8.3.2~postinstall: uuid@8.3.2
npm info lifecycle verror@1.10.0~postinstall: verror@1.10.0
npm info lifecycle jsprim@2.0.2~postinstall: jsprim@2.0.2
npm info lifecycle http-signature@1.3.6~postinstall: http-signature@1.3.6
npm info lifecycle @cypress/request@2.88.10~postinstall: @cypress/request@2.88.10
npm info lifecycle which@2.0.2~postinstall: which@2.0.2
npm info lifecycle cross-spawn@7.0.3~postinstall: cross-spawn@7.0.3
npm info lifecycle wrap-ansi@7.0.0~postinstall: wrap-ansi@7.0.0
npm info lifecycle listr2@3.14.0~postinstall: listr2@3.14.0
npm info lifecycle wrappy@1.0.2~postinstall: wrappy@1.0.2
npm info lifecycle once@1.4.0~postinstall: once@1.4.0
npm info lifecycle end-of-stream@1.4.4~postinstall: end-of-stream@1.4.4
npm info lifecycle inflight@1.0.6~postinstall: inflight@1.0.6
npm info lifecycle glob@7.2.3~postinstall: glob@7.2.3
npm info lifecycle rimraf@3.0.2~postinstall: rimraf@3.0.2
npm info lifecycle tmp@0.2.1~postinstall: tmp@0.2.1
npm info lifecycle pump@3.0.0~postinstall: pump@3.0.0
npm info lifecycle get-stream@5.2.0~postinstall: get-stream@5.2.0
npm info lifecycle execa@4.1.0~postinstall: execa@4.1.0
npm info lifecycle yallist@4.0.0~postinstall: yallist@4.0.0
npm info lifecycle lru-cache@6.0.0~postinstall: lru-cache@6.0.0
npm info lifecycle semver@7.3.8~postinstall: semver@7.3.8
npm info lifecycle yauzl@2.10.0~postinstall: yauzl@2.10.0
npm info lifecycle extract-zip@2.0.1~postinstall: extract-zip@2.0.1
npm info lifecycle cypress@11.2.0~postinstall: cypress@11.2.0

> cypress@11.2.0 postinstall D:\Project\Cypress\tmpBstackPackages\node_modules\cypress
> node index.js --exec install

Note: Skipping binary installation: Environment variable CYPRESS_INSTALL_BINARY = 0.

npm verb lifecycle cypress@11.2.0~postinstall: unsafe-perm in lifecycle true
npm verb lifecycle cypress@11.2.0~postinstall: PATH: C:\Program Files\nodejs\node_modules\npm\node_modules\npm-lifecycle\node-gyp-bin;D:\Project\Cypress\tmpBstackPackages\node_modules\cypress\node_modules\.bin;D:\Project\Cypress\tmpBstackPackages\node_modules\.bin;C:\Program Files\nodejs\node_modules\npm\node_modules\npm-lifecycle\node-gyp-bin;D:\Project\Cypress\node_modules\.bin;C:\WINDOWS\system32;C:\WINDOWS;C:\WINDOWS\System32\Wbem;C:\WINDOWS\System32\WindowsPowerShell\v1.0\;C:\WINDOWS\System32\OpenSSH\;C:\gradle\bin;C:\Program Files\Java\jdk8u192\bin;C:\Program Files\nodejs\;C:\ProgramData\chocolatey\bin;C:\Program Files\php-7.4.26;C:\ProgramData\ComposerSetup\bin;C:\Program Files\Git\cmd;C:\Program Files\Amazon\AWSCLIV2\;C:\Program Files\apache-maven-3.8.6\bin;D:\Project\Performance_OptimizedScripts\performance-optimized-scripts;C:\Users\rejeo.mathew\scoop\shims;C:\Users\rejeo.mathew\AppData\Local\Microsoft\WindowsApps;C:\Users\rejeo.mathew\AppData\Roaming\npm;C:\Users\rejeo.mathew\AppData\Local\Programs\Microsoft VS Code\bin;C:\Users\rejeo.mathew\AppData\Roaming\Composer\vendor\bin;C:\Program Files\Fiddler
npm verb lifecycle cypress@11.2.0~postinstall: CWD: D:\Project\Cypress\tmpBstackPackages\node_modules\cypress
npm timing action:postinstall Completed in 1842ms
npm verb unlock done using C:\Users\rejeo.mathew\AppData\Roaming\npm-cache\_locks\staging-1022905e49d0f58b.lock for D:\Project\Cypress\tmpBstackPackages\node_modules\.staging
npm timing stage:executeActions Completed in 8360ms
npm timing stage:rollbackFailedOptional Completed in 1ms
npm info linkStuff !invalid#1
npm info lifecycle undefined~install: undefined
npm info lifecycle undefined~postinstall: undefined
npm info lifecycle undefined~prepublish: undefined
npm info lifecycle undefined~prepare: undefined
npm timing stage:runTopLevelLifecycles Completed in 12156ms
npm verb saving []
npm info lifecycle !invalid#2~preshrinkwrap: !invalid#2
npm info lifecycle !invalid#2~shrinkwrap: !invalid#2
npm notice created a lockfile as package-lock.json. You should commit this file.
npm info lifecycle !invalid#2~postshrinkwrap: !invalid#2
npm WARN tmpBstackPackages No description
npm WARN tmpBstackPackages No repository field.
npm WARN tmpBstackPackages No license field.

added 166 packages from 176 contributors and audited 166 packages in 12.369s

28 packages are looking for funding
  run `npm fund` for details

found 0 vulnerabilities

npm verb exit [ 0, true ]
npm timing npm Completed in 13176ms
npm info ok 
